running egg_info
writing ../../build/ros2_sheep/ros2_sheep.egg-info/PKG-INFO
writing dependency_links to ../../build/ros2_sheep/ros2_sheep.egg-info/dependency_links.txt
writing entry points to ../../build/ros2_sheep/ros2_sheep.egg-info/entry_points.txt
writing requirements to ../../build/ros2_sheep/ros2_sheep.egg-info/requires.txt
writing top-level names to ../../build/ros2_sheep/ros2_sheep.egg-info/top_level.txt
reading manifest file '../../build/ros2_sheep/ros2_sheep.egg-info/SOURCES.txt'
writing manifest file '../../build/ros2_sheep/ros2_sheep.egg-info/SOURCES.txt'
running build
running build_py
running install
running install_lib
running install_data
running install_egg_info
removing '/home/teja/ros2_hunter/install/ros2_sheep/lib/python3.10/site-packages/ros2_sheep-0.0.0-py3.10.egg-info' (and everything under it)
Copying ../../build/ros2_sheep/ros2_sheep.egg-info to /home/teja/ros2_hunter/install/ros2_sheep/lib/python3.10/site-packages/ros2_sheep-0.0.0-py3.10.egg-info
running install_scripts
Installing hunter_node script to /home/teja/ros2_hunter/install/ros2_sheep/lib/ros2_sheep
Installing sheep_node script to /home/teja/ros2_hunter/install/ros2_sheep/lib/ros2_sheep
Installing wolf_node script to /home/teja/ros2_hunter/install/ros2_sheep/lib/ros2_sheep
writing list of installed files to '/home/teja/ros2_hunter/build/ros2_sheep/install.log'
