[3.029s] Invoking command in '/home/teja/ros2_hunter/src/ros2_sheep': PYTHONPATH=/home/teja/ros2_hunter/build/ros2_sheep/prefix_override:/usr/lib/python3/dist-packages/colcon_core/task/python/colcon_distutils_commands:/home/teja/ros2_hunter/install/ros2_sheep/lib/python3.10/site-packages:${PYTHONPATH} /usr/bin/python3 -W ignore:setup.py install is deprecated setup.py egg_info --egg-base ../../build/ros2_sheep build --build-base /home/teja/ros2_hunter/build/ros2_sheep/build install --record /home/teja/ros2_hunter/build/ros2_sheep/install.log --single-version-externally-managed install_data
[3.540s] running egg_info
[3.541s] writing ../../build/ros2_sheep/ros2_sheep.egg-info/PKG-INFO
[3.542s] writing dependency_links to ../../build/ros2_sheep/ros2_sheep.egg-info/dependency_links.txt
[3.543s] writing entry points to ../../build/ros2_sheep/ros2_sheep.egg-info/entry_points.txt
[3.545s] writing requirements to ../../build/ros2_sheep/ros2_sheep.egg-info/requires.txt
[3.545s] writing top-level names to ../../build/ros2_sheep/ros2_sheep.egg-info/top_level.txt
[3.549s] reading manifest file '../../build/ros2_sheep/ros2_sheep.egg-info/SOURCES.txt'
[3.552s] writing manifest file '../../build/ros2_sheep/ros2_sheep.egg-info/SOURCES.txt'
[3.552s] running build
[3.552s] running build_py
[3.553s] copying ros2_sheep/wolf_node.py -> /home/teja/ros2_hunter/build/ros2_sheep/build/lib/ros2_sheep
[3.553s] copying ros2_sheep/hunter_node.py -> /home/teja/ros2_hunter/build/ros2_sheep/build/lib/ros2_sheep
[3.555s] copying ros2_sheep/sheep_node.py -> /home/teja/ros2_hunter/build/ros2_sheep/build/lib/ros2_sheep
[3.557s] running install
[3.557s] running install_lib
[3.559s] copying /home/teja/ros2_hunter/build/ros2_sheep/build/lib/ros2_sheep/wolf_node.py -> /home/teja/ros2_hunter/install/ros2_sheep/lib/python3.10/site-packages/ros2_sheep
[3.559s] copying /home/teja/ros2_hunter/build/ros2_sheep/build/lib/ros2_sheep/hunter_node.py -> /home/teja/ros2_hunter/install/ros2_sheep/lib/python3.10/site-packages/ros2_sheep
[3.559s] copying /home/teja/ros2_hunter/build/ros2_sheep/build/lib/ros2_sheep/sheep_node.py -> /home/teja/ros2_hunter/install/ros2_sheep/lib/python3.10/site-packages/ros2_sheep
[3.561s] byte-compiling /home/teja/ros2_hunter/install/ros2_sheep/lib/python3.10/site-packages/ros2_sheep/wolf_node.py to wolf_node.cpython-310.pyc
[3.564s] byte-compiling /home/teja/ros2_hunter/install/ros2_sheep/lib/python3.10/site-packages/ros2_sheep/hunter_node.py to hunter_node.cpython-310.pyc
[3.567s] byte-compiling /home/teja/ros2_hunter/install/ros2_sheep/lib/python3.10/site-packages/ros2_sheep/sheep_node.py to sheep_node.cpython-310.pyc
[3.608s] running install_data
[3.613s] running install_egg_info
[3.745s] removing '/home/teja/ros2_hunter/install/ros2_sheep/lib/python3.10/site-packages/ros2_sheep-0.0.0-py3.10.egg-info' (and everything under it)
[3.812s] Copying ../../build/ros2_sheep/ros2_sheep.egg-info to /home/teja/ros2_hunter/install/ros2_sheep/lib/python3.10/site-packages/ros2_sheep-0.0.0-py3.10.egg-info
[3.865s] running install_scripts
[5.120s] Installing hunter_node script to /home/teja/ros2_hunter/install/ros2_sheep/lib/ros2_sheep
[5.122s] Installing sheep_node script to /home/teja/ros2_hunter/install/ros2_sheep/lib/ros2_sheep
[5.123s] Installing wolf_node script to /home/teja/ros2_hunter/install/ros2_sheep/lib/ros2_sheep
[5.125s] writing list of installed files to '/home/teja/ros2_hunter/build/ros2_sheep/install.log'
[5.168s] Invoked command in '/home/teja/ros2_hunter/src/ros2_sheep' returned '0': PYTHONPATH=/home/teja/ros2_hunter/build/ros2_sheep/prefix_override:/usr/lib/python3/dist-packages/colcon_core/task/python/colcon_distutils_commands:/home/teja/ros2_hunter/install/ros2_sheep/lib/python3.10/site-packages:${PYTHONPATH} /usr/bin/python3 -W ignore:setup.py install is deprecated setup.py egg_info --egg-base ../../build/ros2_sheep build --build-base /home/teja/ros2_hunter/build/ros2_sheep/build install --record /home/teja/ros2_hunter/build/ros2_sheep/install.log --single-version-externally-managed install_data
