running egg_info
creating ../../build/ros2_sheep/ros2_sheep.egg-info
writing ../../build/ros2_sheep/ros2_sheep.egg-info/PKG-INFO
writing dependency_links to ../../build/ros2_sheep/ros2_sheep.egg-info/dependency_links.txt
writing entry points to ../../build/ros2_sheep/ros2_sheep.egg-info/entry_points.txt
writing requirements to ../../build/ros2_sheep/ros2_sheep.egg-info/requires.txt
writing top-level names to ../../build/ros2_sheep/ros2_sheep.egg-info/top_level.txt
writing manifest file '../../build/ros2_sheep/ros2_sheep.egg-info/SOURCES.txt'
reading manifest file '../../build/ros2_sheep/ros2_sheep.egg-info/SOURCES.txt'
writing manifest file '../../build/ros2_sheep/ros2_sheep.egg-info/SOURCES.txt'
running build
running build_py
creating /home/teja/ros2_hunter/build/ros2_sheep/build
creating /home/teja/ros2_hunter/build/ros2_sheep/build/lib
creating /home/teja/ros2_hunter/build/ros2_sheep/build/lib/ros2_sheep
copying ros2_sheep/utils.py -> /home/teja/ros2_hunter/build/ros2_sheep/build/lib/ros2_sheep
copying ros2_sheep/wolf_node.py -> /home/teja/ros2_hunter/build/ros2_sheep/build/lib/ros2_sheep
copying ros2_sheep/hunter_node.py -> /home/teja/ros2_hunter/build/ros2_sheep/build/lib/ros2_sheep
copying ros2_sheep/statistics_logger.py -> /home/teja/ros2_hunter/build/ros2_sheep/build/lib/ros2_sheep
copying ros2_sheep/__init__.py -> /home/teja/ros2_hunter/build/ros2_sheep/build/lib/ros2_sheep
copying ros2_sheep/sheep_node.py -> /home/teja/ros2_hunter/build/ros2_sheep/build/lib/ros2_sheep
running install
running install_lib
creating /home/teja/ros2_hunter/install/ros2_sheep/lib/python3.10/site-packages/ros2_sheep
copying /home/teja/ros2_hunter/build/ros2_sheep/build/lib/ros2_sheep/utils.py -> /home/teja/ros2_hunter/install/ros2_sheep/lib/python3.10/site-packages/ros2_sheep
copying /home/teja/ros2_hunter/build/ros2_sheep/build/lib/ros2_sheep/wolf_node.py -> /home/teja/ros2_hunter/install/ros2_sheep/lib/python3.10/site-packages/ros2_sheep
copying /home/teja/ros2_hunter/build/ros2_sheep/build/lib/ros2_sheep/hunter_node.py -> /home/teja/ros2_hunter/install/ros2_sheep/lib/python3.10/site-packages/ros2_sheep
copying /home/teja/ros2_hunter/build/ros2_sheep/build/lib/ros2_sheep/statistics_logger.py -> /home/teja/ros2_hunter/install/ros2_sheep/lib/python3.10/site-packages/ros2_sheep
copying /home/teja/ros2_hunter/build/ros2_sheep/build/lib/ros2_sheep/__init__.py -> /home/teja/ros2_hunter/install/ros2_sheep/lib/python3.10/site-packages/ros2_sheep
copying /home/teja/ros2_hunter/build/ros2_sheep/build/lib/ros2_sheep/sheep_node.py -> /home/teja/ros2_hunter/install/ros2_sheep/lib/python3.10/site-packages/ros2_sheep
byte-compiling /home/teja/ros2_hunter/install/ros2_sheep/lib/python3.10/site-packages/ros2_sheep/utils.py to utils.cpython-310.pyc
byte-compiling /home/teja/ros2_hunter/install/ros2_sheep/lib/python3.10/site-packages/ros2_sheep/wolf_node.py to wolf_node.cpython-310.pyc
byte-compiling /home/teja/ros2_hunter/install/ros2_sheep/lib/python3.10/site-packages/ros2_sheep/hunter_node.py to hunter_node.cpython-310.pyc
byte-compiling /home/teja/ros2_hunter/install/ros2_sheep/lib/python3.10/site-packages/ros2_sheep/statistics_logger.py to statistics_logger.cpython-310.pyc
byte-compiling /home/teja/ros2_hunter/install/ros2_sheep/lib/python3.10/site-packages/ros2_sheep/__init__.py to __init__.cpython-310.pyc
byte-compiling /home/teja/ros2_hunter/install/ros2_sheep/lib/python3.10/site-packages/ros2_sheep/sheep_node.py to sheep_node.cpython-310.pyc
running install_data
creating /home/teja/ros2_hunter/install/ros2_sheep/share/ament_index
creating /home/teja/ros2_hunter/install/ros2_sheep/share/ament_index/resource_index
creating /home/teja/ros2_hunter/install/ros2_sheep/share/ament_index/resource_index/packages
copying resource/ros2_sheep -> /home/teja/ros2_hunter/install/ros2_sheep/share/ament_index/resource_index/packages
copying package.xml -> /home/teja/ros2_hunter/install/ros2_sheep/share/ros2_sheep
running install_egg_info
Copying ../../build/ros2_sheep/ros2_sheep.egg-info to /home/teja/ros2_hunter/install/ros2_sheep/lib/python3.10/site-packages/ros2_sheep-0.0.0-py3.10.egg-info
running install_scripts
Installing hunter_node script to /home/teja/ros2_hunter/install/ros2_sheep/lib/ros2_sheep
Installing sheep_node script to /home/teja/ros2_hunter/install/ros2_sheep/lib/ros2_sheep
Installing wolf_node script to /home/teja/ros2_hunter/install/ros2_sheep/lib/ros2_sheep
writing list of installed files to '/home/teja/ros2_hunter/build/ros2_sheep/install.log'
