[1.646s] DEBUG:colcon:Command line arguments: ['/usr/bin/colcon', 'build']
[1.647s] DEBUG:colcon:Parsed command line arguments: Namespace(log_base=None, log_level=None, verb_name='build', build_base='build', install_base='install', merge_install=False, symlink_install=False, test_result_base=None, continue_on_error=False, executor='parallel', parallel_workers=2, event_handlers=None, ignore_user_meta=False, metas=['./colcon.meta'], base_paths=['.'], packages_ignore=None, packages_ignore_regex=None, paths=None, packages_up_to=None, packages_up_to_regex=None, packages_above=None, packages_above_and_dependencies=None, packages_above_depth=None, packages_select_by_dep=None, packages_skip_by_dep=None, packages_skip_up_to=None, packages_select_build_failed=False, packages_skip_build_finished=False, packages_select_test_failures=False, packages_skip_test_passed=False, packages_select=None, packages_skip=None, packages_select_regex=None, packages_skip_regex=None, packages_start=None, packages_end=None, allow_overriding=[], cmake_args=None, cmake_target=None, cmake_target_skip_unavailable=False, cmake_clean_cache=False, cmake_clean_first=False, cmake_force_configure=False, ament_cmake_args=None, catkin_cmake_args=None, catkin_skip_building_tests=False, mixin_files=None, mixin=None, verb_parser=<colcon_mixin.mixin.mixin_argument.MixinArgumentDecorator object at 0x7b337c042830>, verb_extension=<colcon_core.verb.build.BuildVerb object at 0x7b337c0422c0>, main=<bound method BuildVerb.main of <colcon_core.verb.build.BuildVerb object at 0x7b337c0422c0>>, mixin_verb=('build',))
[3.206s] Level 1:colcon.colcon_core.package_discovery:discover_packages(colcon_meta) check parameters
[3.206s] Level 1:colcon.colcon_core.package_discovery:discover_packages(recursive) check parameters
[3.206s] Level 1:colcon.colcon_core.package_discovery:discover_packages(ignore) check parameters
[3.206s] Level 1:colcon.colcon_core.package_discovery:discover_packages(path) check parameters
[3.206s] Level 1:colcon.colcon_core.package_discovery:discover_packages(colcon_meta) discover
[3.206s] Level 1:colcon.colcon_core.package_discovery:discover_packages(recursive) discover
[3.206s] INFO:colcon.colcon_core.package_discovery:Crawling recursively for packages in '/home/teja/ros2_hunter'
[3.206s] Level 1:colcon.colcon_core.package_identification:_identify(.) by extensions ['ignore', 'ignore_ament_install']
[3.207s] Level 1:colcon.colcon_core.package_identification:_identify(.) by extension 'ignore'
[3.207s] Level 1:colcon.colcon_core.package_identification:_identify(.) by extension 'ignore_ament_install'
[3.207s] Level 1:colcon.colcon_core.package_identification:_identify(.) by extensions ['colcon_pkg']
[3.207s] Level 1:colcon.colcon_core.package_identification:_identify(.) by extension 'colcon_pkg'
[3.207s] Level 1:colcon.colcon_core.package_identification:_identify(.) by extensions ['colcon_meta']
[3.207s] Level 1:colcon.colcon_core.package_identification:_identify(.) by extension 'colcon_meta'
[3.208s] Level 1:colcon.colcon_core.package_identification:_identify(.) by extensions ['ros']
[3.208s] Level 1:colcon.colcon_core.package_identification:_identify(.) by extension 'ros'
[3.262s] Level 1:colcon.colcon_core.package_identification:_identify(.) by extensions ['cmake', 'python']
[3.262s] Level 1:colcon.colcon_core.package_identification:_identify(.) by extension 'cmake'
[3.263s] Level 1:colcon.colcon_core.package_identification:_identify(.) by extension 'python'
[3.263s] Level 1:colcon.colcon_core.package_identification:_identify(.) by extensions ['python_setup_py']
[3.264s] Level 1:colcon.colcon_core.package_identification:_identify(.) by extension 'python_setup_py'
[3.264s] Level 1:colcon.colcon_core.package_identification:_identify(build) by extensions ['ignore', 'ignore_ament_install']
[3.264s] Level 1:colcon.colcon_core.package_identification:_identify(build) by extension 'ignore'
[3.264s] Level 1:colcon.colcon_core.package_identification:_identify(build) ignored
[3.264s] Level 1:colcon.colcon_core.package_identification:_identify(install) by extensions ['ignore', 'ignore_ament_install']
[3.264s] Level 1:colcon.colcon_core.package_identification:_identify(install) by extension 'ignore'
[3.265s] Level 1:colcon.colcon_core.package_identification:_identify(install) ignored
[3.265s] Level 1:colcon.colcon_core.package_identification:_identify(log) by extensions ['ignore', 'ignore_ament_install']
[3.265s] Level 1:colcon.colcon_core.package_identification:_identify(log) by extension 'ignore'
[3.265s] Level 1:colcon.colcon_core.package_identification:_identify(log) ignored
[3.265s] Level 1:colcon.colcon_core.package_identification:_identify(src) by extensions ['ignore', 'ignore_ament_install']
[3.265s] Level 1:colcon.colcon_core.package_identification:_identify(src) by extension 'ignore'
[3.266s] Level 1:colcon.colcon_core.package_identification:_identify(src) by extension 'ignore_ament_install'
[3.266s] Level 1:colcon.colcon_core.package_identification:_identify(src) by extensions ['colcon_pkg']
[3.266s] Level 1:colcon.colcon_core.package_identification:_identify(src) by extension 'colcon_pkg'
[3.266s] Level 1:colcon.colcon_core.package_identification:_identify(src) by extensions ['colcon_meta']
[3.266s] Level 1:colcon.colcon_core.package_identification:_identify(src) by extension 'colcon_meta'
[3.266s] Level 1:colcon.colcon_core.package_identification:_identify(src) by extensions ['ros']
[3.266s] Level 1:colcon.colcon_core.package_identification:_identify(src) by extension 'ros'
[3.266s] Level 1:colcon.colcon_core.package_identification:_identify(src) by extensions ['cmake', 'python']
[3.266s] Level 1:colcon.colcon_core.package_identification:_identify(src) by extension 'cmake'
[3.266s] Level 1:colcon.colcon_core.package_identification:_identify(src) by extension 'python'
[3.267s] Level 1:colcon.colcon_core.package_identification:_identify(src) by extensions ['python_setup_py']
[3.267s] Level 1:colcon.colcon_core.package_identification:_identify(src) by extension 'python_setup_py'
[3.267s] Level 1:colcon.colcon_core.package_identification:_identify(src/ros2_sheep) by extensions ['ignore', 'ignore_ament_install']
[3.267s] Level 1:colcon.colcon_core.package_identification:_identify(src/ros2_sheep) by extension 'ignore'
[3.267s] Level 1:colcon.colcon_core.package_identification:_identify(src/ros2_sheep) by extension 'ignore_ament_install'
[3.267s] Level 1:colcon.colcon_core.package_identification:_identify(src/ros2_sheep) by extensions ['colcon_pkg']
[3.267s] Level 1:colcon.colcon_core.package_identification:_identify(src/ros2_sheep) by extension 'colcon_pkg'
[3.267s] Level 1:colcon.colcon_core.package_identification:_identify(src/ros2_sheep) by extensions ['colcon_meta']
[3.267s] Level 1:colcon.colcon_core.package_identification:_identify(src/ros2_sheep) by extension 'colcon_meta'
[3.268s] Level 1:colcon.colcon_core.package_identification:_identify(src/ros2_sheep) by extensions ['ros']
[3.268s] Level 1:colcon.colcon_core.package_identification:_identify(src/ros2_sheep) by extension 'ros'
[3.280s] DEBUG:colcon.colcon_core.package_identification:Package 'src/ros2_sheep' with type 'ros.ament_python' and name 'ros2_sheep'
[3.280s] Level 1:colcon.colcon_core.package_discovery:discover_packages(recursive) using defaults
[3.280s] Level 1:colcon.colcon_core.package_discovery:discover_packages(ignore) discover
[3.280s] Level 1:colcon.colcon_core.package_discovery:discover_packages(ignore) using defaults
[3.280s] Level 1:colcon.colcon_core.package_discovery:discover_packages(path) discover
[3.280s] Level 1:colcon.colcon_core.package_discovery:discover_packages(path) using defaults
[3.435s] Level 1:colcon.colcon_core.package_discovery:discover_packages(prefix_path) check parameters
[3.435s] Level 1:colcon.colcon_core.package_discovery:discover_packages(prefix_path) discover
[3.450s] DEBUG:colcon.colcon_installed_package_information.package_discovery:Found 286 installed packages in /opt/ros/humble
[3.453s] Level 1:colcon.colcon_core.package_discovery:discover_packages(prefix_path) using defaults
[3.577s] Level 5:colcon.colcon_core.verb:set package 'ros2_sheep' build argument 'cmake_args' from command line to 'None'
[3.578s] Level 5:colcon.colcon_core.verb:set package 'ros2_sheep' build argument 'cmake_target' from command line to 'None'
[3.578s] Level 5:colcon.colcon_core.verb:set package 'ros2_sheep' build argument 'cmake_target_skip_unavailable' from command line to 'False'
[3.578s] Level 5:colcon.colcon_core.verb:set package 'ros2_sheep' build argument 'cmake_clean_cache' from command line to 'False'
[3.578s] Level 5:colcon.colcon_core.verb:set package 'ros2_sheep' build argument 'cmake_clean_first' from command line to 'False'
[3.578s] Level 5:colcon.colcon_core.verb:set package 'ros2_sheep' build argument 'cmake_force_configure' from command line to 'False'
[3.578s] Level 5:colcon.colcon_core.verb:set package 'ros2_sheep' build argument 'ament_cmake_args' from command line to 'None'
[3.578s] Level 5:colcon.colcon_core.verb:set package 'ros2_sheep' build argument 'catkin_cmake_args' from command line to 'None'
[3.578s] Level 5:colcon.colcon_core.verb:set package 'ros2_sheep' build argument 'catkin_skip_building_tests' from command line to 'False'
[3.578s] DEBUG:colcon.colcon_core.verb:Building package 'ros2_sheep' with the following arguments: {'ament_cmake_args': None, 'build_base': '/home/teja/ros2_hunter/build/ros2_sheep', 'catkin_cmake_args': None, 'catkin_skip_building_tests': False, 'cmake_args': None, 'cmake_clean_cache': False, 'cmake_clean_first': False, 'cmake_force_configure': False, 'cmake_target': None, 'cmake_target_skip_unavailable': False, 'install_base': '/home/teja/ros2_hunter/install/ros2_sheep', 'merge_install': False, 'path': '/home/teja/ros2_hunter/src/ros2_sheep', 'symlink_install': False, 'test_result_base': None}
[3.578s] INFO:colcon.colcon_core.executor:Executing jobs using 'parallel' executor
[3.582s] DEBUG:colcon.colcon_parallel_executor.executor.parallel:run_until_complete
[3.583s] INFO:colcon.colcon_ros.task.ament_python.build:Building ROS package in '/home/teja/ros2_hunter/src/ros2_sheep' with build type 'ament_python'
[3.583s] Level 1:colcon.colcon_core.shell:create_environment_hook('ros2_sheep', 'ament_prefix_path')
[3.616s] INFO:colcon.colcon_core.plugin_system:Skipping extension 'colcon_core.shell.bat': Not used on non-Windows systems
[3.616s] INFO:colcon.colcon_core.shell:Creating environment hook '/home/teja/ros2_hunter/install/ros2_sheep/share/ros2_sheep/hook/ament_prefix_path.ps1'
[3.625s] INFO:colcon.colcon_core.shell:Creating environment descriptor '/home/teja/ros2_hunter/install/ros2_sheep/share/ros2_sheep/hook/ament_prefix_path.dsv'
[3.629s] INFO:colcon.colcon_core.shell:Creating environment hook '/home/teja/ros2_hunter/install/ros2_sheep/share/ros2_sheep/hook/ament_prefix_path.sh'
[3.633s] INFO:colcon.colcon_core.shell:Skip shell extension 'powershell' for command environment: Not usable outside of PowerShell
[3.633s] DEBUG:colcon.colcon_core.shell:Skip shell extension 'dsv' for command environment
[4.877s] INFO:colcon.colcon_core.task.python.build:Building Python package in '/home/teja/ros2_hunter/src/ros2_sheep'
[4.878s] INFO:colcon.colcon_core.shell:Skip shell extension 'powershell' for command environment: Not usable outside of PowerShell
[4.878s] DEBUG:colcon.colcon_core.shell:Skip shell extension 'dsv' for command environment
[6.434s] DEBUG:colcon.colcon_core.event_handler.log_command:Invoking command in '/home/teja/ros2_hunter/src/ros2_sheep': PYTHONPATH=/home/teja/ros2_hunter/build/ros2_sheep/prefix_override:/usr/lib/python3/dist-packages/colcon_core/task/python/colcon_distutils_commands:/home/teja/ros2_hunter/install/ros2_sheep/lib/python3.10/site-packages:${PYTHONPATH} /usr/bin/python3 -W ignore:setup.py install is deprecated setup.py egg_info --egg-base ../../build/ros2_sheep build --build-base /home/teja/ros2_hunter/build/ros2_sheep/build install --record /home/teja/ros2_hunter/build/ros2_sheep/install.log --single-version-externally-managed install_data
[7.751s] DEBUG:colcon.colcon_core.event_handler.log_command:Invoked command in '/home/teja/ros2_hunter/src/ros2_sheep' returned '0': PYTHONPATH=/home/teja/ros2_hunter/build/ros2_sheep/prefix_override:/usr/lib/python3/dist-packages/colcon_core/task/python/colcon_distutils_commands:/home/teja/ros2_hunter/install/ros2_sheep/lib/python3.10/site-packages:${PYTHONPATH} /usr/bin/python3 -W ignore:setup.py install is deprecated setup.py egg_info --egg-base ../../build/ros2_sheep build --build-base /home/teja/ros2_hunter/build/ros2_sheep/build install --record /home/teja/ros2_hunter/build/ros2_sheep/install.log --single-version-externally-managed install_data
[7.837s] Level 1:colcon.colcon_core.environment:checking '/home/teja/ros2_hunter/install/ros2_sheep' for CMake module files
[7.839s] Level 1:colcon.colcon_core.environment:checking '/home/teja/ros2_hunter/install/ros2_sheep' for CMake config files
[7.843s] Level 1:colcon.colcon_core.environment:checking '/home/teja/ros2_hunter/install/ros2_sheep/lib'
[7.843s] Level 1:colcon.colcon_core.environment:checking '/home/teja/ros2_hunter/install/ros2_sheep/bin'
[7.844s] Level 1:colcon.colcon_core.environment:checking '/home/teja/ros2_hunter/install/ros2_sheep/lib/pkgconfig/ros2_sheep.pc'
[7.846s] Level 1:colcon.colcon_core.environment:checking '/home/teja/ros2_hunter/install/ros2_sheep/lib/python3.10/site-packages'
[7.847s] Level 1:colcon.colcon_core.shell:create_environment_hook('ros2_sheep', 'pythonpath')
[7.848s] INFO:colcon.colcon_core.shell:Creating environment hook '/home/teja/ros2_hunter/install/ros2_sheep/share/ros2_sheep/hook/pythonpath.ps1'
[7.851s] INFO:colcon.colcon_core.shell:Creating environment descriptor '/home/teja/ros2_hunter/install/ros2_sheep/share/ros2_sheep/hook/pythonpath.dsv'
[7.865s] INFO:colcon.colcon_core.shell:Creating environment hook '/home/teja/ros2_hunter/install/ros2_sheep/share/ros2_sheep/hook/pythonpath.sh'
[7.871s] Level 1:colcon.colcon_core.environment:checking '/home/teja/ros2_hunter/install/ros2_sheep/bin'
[7.872s] Level 1:colcon.colcon_core.environment:create_environment_scripts_only(ros2_sheep)
[7.875s] INFO:colcon.colcon_core.shell:Creating package script '/home/teja/ros2_hunter/install/ros2_sheep/share/ros2_sheep/package.ps1'
[7.887s] INFO:colcon.colcon_core.shell:Creating package descriptor '/home/teja/ros2_hunter/install/ros2_sheep/share/ros2_sheep/package.dsv'
[7.892s] INFO:colcon.colcon_core.shell:Creating package script '/home/teja/ros2_hunter/install/ros2_sheep/share/ros2_sheep/package.sh'
[7.902s] INFO:colcon.colcon_core.shell:Creating package script '/home/teja/ros2_hunter/install/ros2_sheep/share/ros2_sheep/package.bash'
[7.910s] INFO:colcon.colcon_core.shell:Creating package script '/home/teja/ros2_hunter/install/ros2_sheep/share/ros2_sheep/package.zsh'
[7.929s] Level 1:colcon.colcon_core.environment:create_file_with_runtime_dependencies(/home/teja/ros2_hunter/install/ros2_sheep/share/colcon-core/packages/ros2_sheep)
[7.940s] DEBUG:colcon.colcon_parallel_executor.executor.parallel:closing loop
[7.941s] DEBUG:colcon.colcon_parallel_executor.executor.parallel:loop closed
[7.941s] DEBUG:colcon.colcon_parallel_executor.executor.parallel:run_until_complete finished with '0'
[7.941s] DEBUG:colcon.colcon_core.event_reactor:joining thread
[7.970s] INFO:colcon.colcon_core.plugin_system:Skipping extension 'colcon_notification.desktop_notification.terminal_notifier': Not used on non-Darwin systems
[7.970s] INFO:colcon.colcon_core.plugin_system:Skipping extension 'colcon_notification.desktop_notification.win32': Not used on non-Windows systems
[7.970s] INFO:colcon.colcon_notification.desktop_notification:Sending desktop notification using 'notify2'
[8.076s] DEBUG:colcon.colcon_core.event_reactor:joined thread
[8.077s] INFO:colcon.colcon_core.shell:Creating prefix script '/home/teja/ros2_hunter/install/local_setup.ps1'
[8.087s] INFO:colcon.colcon_core.shell:Creating prefix util module '/home/teja/ros2_hunter/install/_local_setup_util_ps1.py'
[8.097s] INFO:colcon.colcon_core.shell:Creating prefix chain script '/home/teja/ros2_hunter/install/setup.ps1'
[8.111s] INFO:colcon.colcon_core.shell:Creating prefix script '/home/teja/ros2_hunter/install/local_setup.sh'
[8.115s] INFO:colcon.colcon_core.shell:Creating prefix util module '/home/teja/ros2_hunter/install/_local_setup_util_sh.py'
[8.118s] INFO:colcon.colcon_core.shell:Creating prefix chain script '/home/teja/ros2_hunter/install/setup.sh'
[8.133s] INFO:colcon.colcon_core.shell:Creating prefix script '/home/teja/ros2_hunter/install/local_setup.bash'
[8.148s] INFO:colcon.colcon_core.shell:Creating prefix chain script '/home/teja/ros2_hunter/install/setup.bash'
[8.156s] INFO:colcon.colcon_core.shell:Creating prefix script '/home/teja/ros2_hunter/install/local_setup.zsh'
[8.165s] INFO:colcon.colcon_core.shell:Creating prefix chain script '/home/teja/ros2_hunter/install/setup.zsh'
