/home/teja/ros2_hunter/install/ros2_sheep/lib/python3.10/site-packages/ros2_sheep/utils.py
/home/teja/ros2_hunter/install/ros2_sheep/lib/python3.10/site-packages/ros2_sheep/wolf_node.py
/home/teja/ros2_hunter/install/ros2_sheep/lib/python3.10/site-packages/ros2_sheep/hunter_node.py
/home/teja/ros2_hunter/install/ros2_sheep/lib/python3.10/site-packages/ros2_sheep/statistics_logger.py
/home/teja/ros2_hunter/install/ros2_sheep/lib/python3.10/site-packages/ros2_sheep/__init__.py
/home/teja/ros2_hunter/install/ros2_sheep/lib/python3.10/site-packages/ros2_sheep/sheep_node.py
/home/teja/ros2_hunter/install/ros2_sheep/lib/python3.10/site-packages/ros2_sheep/__pycache__/utils.cpython-310.pyc
/home/teja/ros2_hunter/install/ros2_sheep/lib/python3.10/site-packages/ros2_sheep/__pycache__/wolf_node.cpython-310.pyc
/home/teja/ros2_hunter/install/ros2_sheep/lib/python3.10/site-packages/ros2_sheep/__pycache__/hunter_node.cpython-310.pyc
/home/teja/ros2_hunter/install/ros2_sheep/lib/python3.10/site-packages/ros2_sheep/__pycache__/statistics_logger.cpython-310.pyc
/home/teja/ros2_hunter/install/ros2_sheep/lib/python3.10/site-packages/ros2_sheep/__pycache__/__init__.cpython-310.pyc
/home/teja/ros2_hunter/install/ros2_sheep/lib/python3.10/site-packages/ros2_sheep/__pycache__/sheep_node.cpython-310.pyc
/home/teja/ros2_hunter/install/ros2_sheep/share/ament_index/resource_index/packages/ros2_sheep
/home/teja/ros2_hunter/install/ros2_sheep/share/ros2_sheep/package.xml
/home/teja/ros2_hunter/install/ros2_sheep/lib/python3.10/site-packages/ros2_sheep-0.0.0-py3.10.egg-info/entry_points.txt
/home/teja/ros2_hunter/install/ros2_sheep/lib/python3.10/site-packages/ros2_sheep-0.0.0-py3.10.egg-info/dependency_links.txt
/home/teja/ros2_hunter/install/ros2_sheep/lib/python3.10/site-packages/ros2_sheep-0.0.0-py3.10.egg-info/requires.txt
/home/teja/ros2_hunter/install/ros2_sheep/lib/python3.10/site-packages/ros2_sheep-0.0.0-py3.10.egg-info/PKG-INFO
/home/teja/ros2_hunter/install/ros2_sheep/lib/python3.10/site-packages/ros2_sheep-0.0.0-py3.10.egg-info/top_level.txt
/home/teja/ros2_hunter/install/ros2_sheep/lib/python3.10/site-packages/ros2_sheep-0.0.0-py3.10.egg-info/SOURCES.txt
/home/teja/ros2_hunter/install/ros2_sheep/lib/python3.10/site-packages/ros2_sheep-0.0.0-py3.10.egg-info/zip-safe
/home/teja/ros2_hunter/install/ros2_sheep/lib/ros2_sheep/hunter_node
/home/teja/ros2_hunter/install/ros2_sheep/lib/ros2_sheep/sheep_node
/home/teja/ros2_hunter/install/ros2_sheep/lib/ros2_sheep/wolf_node
