[1.042s] Invoking command in '/home/teja/ros2_hunter/src/ros2_sheep': PYTHONPATH=/home/teja/ros2_hunter/build/ros2_sheep/prefix_override:/usr/lib/python3/dist-packages/colcon_core/task/python/colcon_distutils_commands:/home/teja/ros2_hunter/install/ros2_sheep/lib/python3.10/site-packages:${PYTHONPATH} /usr/bin/python3 -W ignore:setup.py install is deprecated setup.py egg_info --egg-base ../../build/ros2_sheep build --build-base /home/teja/ros2_hunter/build/ros2_sheep/build install --record /home/teja/ros2_hunter/build/ros2_sheep/install.log --single-version-externally-managed install_data
[1.177s] running egg_info
[1.177s] writing ../../build/ros2_sheep/ros2_sheep.egg-info/PKG-INFO
[1.179s] writing dependency_links to ../../build/ros2_sheep/ros2_sheep.egg-info/dependency_links.txt
[1.180s] writing entry points to ../../build/ros2_sheep/ros2_sheep.egg-info/entry_points.txt
[1.180s] writing requirements to ../../build/ros2_sheep/ros2_sheep.egg-info/requires.txt
[1.181s] writing top-level names to ../../build/ros2_sheep/ros2_sheep.egg-info/top_level.txt
[1.186s] reading manifest file '../../build/ros2_sheep/ros2_sheep.egg-info/SOURCES.txt'
[1.186s] writing manifest file '../../build/ros2_sheep/ros2_sheep.egg-info/SOURCES.txt'
[1.188s] running build
[1.188s] running build_py
[1.188s] copying ros2_sheep/hunter_node.py -> /home/teja/ros2_hunter/build/ros2_sheep/build/lib/ros2_sheep
[1.188s] running install
[1.188s] running install_lib
[1.189s] copying /home/teja/ros2_hunter/build/ros2_sheep/build/lib/ros2_sheep/hunter_node.py -> /home/teja/ros2_hunter/install/ros2_sheep/lib/python3.10/site-packages/ros2_sheep
[1.190s] byte-compiling /home/teja/ros2_hunter/install/ros2_sheep/lib/python3.10/site-packages/ros2_sheep/hunter_node.py to hunter_node.cpython-310.pyc
[1.192s] running install_data
[1.193s] running install_egg_info
[1.196s] removing '/home/teja/ros2_hunter/install/ros2_sheep/lib/python3.10/site-packages/ros2_sheep-0.0.0-py3.10.egg-info' (and everything under it)
[1.197s] Copying ../../build/ros2_sheep/ros2_sheep.egg-info to /home/teja/ros2_hunter/install/ros2_sheep/lib/python3.10/site-packages/ros2_sheep-0.0.0-py3.10.egg-info
[1.198s] running install_scripts
[1.232s] Installing hunter_node script to /home/teja/ros2_hunter/install/ros2_sheep/lib/ros2_sheep
[1.234s] Installing sheep_node script to /home/teja/ros2_hunter/install/ros2_sheep/lib/ros2_sheep
[1.234s] Installing wolf_node script to /home/teja/ros2_hunter/install/ros2_sheep/lib/ros2_sheep
[1.234s] writing list of installed files to '/home/teja/ros2_hunter/build/ros2_sheep/install.log'
[1.271s] Invoked command in '/home/teja/ros2_hunter/src/ros2_sheep' returned '0': PYTHONPATH=/home/teja/ros2_hunter/build/ros2_sheep/prefix_override:/usr/lib/python3/dist-packages/colcon_core/task/python/colcon_distutils_commands:/home/teja/ros2_hunter/install/ros2_sheep/lib/python3.10/site-packages:${PYTHONPATH} /usr/bin/python3 -W ignore:setup.py install is deprecated setup.py egg_info --egg-base ../../build/ros2_sheep build --build-base /home/teja/ros2_hunter/build/ros2_sheep/build install --record /home/teja/ros2_hunter/build/ros2_sheep/install.log --single-version-externally-managed install_data
